<?xml version="1.0" encoding="UTF-8"?>
<testsuite xmlns:xsi="http://www.w3.org/2001/XMLSchema-instance" xsi:noNamespaceSchemaLocation="https://maven.apache.org/surefire/maven-surefire-plugin/xsd/surefire-test-report-3.0.xsd" version="3.0" name="com.puntosdeaccesowifi.cdmx.controller.WifiControllerTest" time="0.123" tests="4" errors="0" skipped="0" failures="0">
  <properties>
[...]
</properties>
  <testcase name="findNearest" classname="com.puntosdeaccesowifi.cdmx.controller.WifiControllerTest" time="0.119"/>
  <testcase name="getAll" classname="com.puntosdeaccesowifi.cdmx.controller.WifiControllerTest" time="0.001"/>
  <testcase name="getByAlcaldia" classname="com.puntosdeaccesowifi.cdmx.controller.WifiControllerTest" time="0.001"/>
  <testcase name="getById" classname="com.puntosdeaccesowifi.cdmx.controller.WifiControllerTest" time="0.001"/>
</testsuite>